2026-06-10 07:37:19 | INFO | OPTIONS /api/auth/login → 200 (1ms)
2026-06-10 07:37:20 | INFO | 로그인: jungmi350419@gmail.com
2026-06-10 07:37:21 | INFO | POST /api/auth/login → 200 (2188ms)
2026-06-10 07:37:44 | INFO | OPTIONS /api/kakao/address → 200 (1ms)
2026-06-10 07:37:44 | INFO | 주소 검색: 전북 익산시
2026-06-10 07:37:45 | INFO | GET /api/kakao/address → 404 (566ms)
2026-06-10 07:37:54 | INFO | OPTIONS /api/kakao/address → 200 (0ms)
2026-06-10 07:37:54 | INFO | 주소 검색: 전북 전주시
2026-06-10 07:37:55 | INFO | GET /api/kakao/address → 404 (519ms)
2026-06-10 07:38:00 | INFO | OPTIONS /api/kakao/address → 200 (0ms)
2026-06-10 07:38:00 | INFO | 주소 검색: 전북 군산시
2026-06-10 07:38:01 | INFO | GET /api/kakao/address → 404 (537ms)
2026-06-10 07:56:43 | INFO | OPTIONS /api/kakao/address → 200 (1ms)
2026-06-10 07:56:43 | INFO | 주소 검색: 전북 군산시 미룡동
2026-06-10 07:56:44 | INFO | GET /api/kakao/address → 404 (727ms)
2026-06-10 08:31:06 | INFO | OPTIONS /api/ai/recommend → 200 (1ms)
2026-06-10 08:31:09 | INFO | AI 작물 추천 요청: 전북 군산시 미룡동 (35.9481918292357,126.687608774337)
2026-06-10 08:31:15 | INFO | GET /api/ai/recommend → 200 (8132ms)
2026-06-10 13:58:45 | INFO | OPTIONS /api/ai/recommend → 200 (1ms)
2026-06-10 13:58:46 | INFO | AI 작물 추천 요청: 전북 익산시 (35.9487207295638,126.95785508057)
2026-06-10 13:58:49 | INFO | GET /api/ai/recommend → 200 (3795ms)
2026-06-10 14:02:32 | INFO | AI 작물 추천 요청: 전북 익산시 (35.9487207295638,126.95785508057)
2026-06-10 14:02:32 | INFO | GET /api/ai/recommend → 200 (338ms)
2026-06-10 14:02:34 | INFO | AI 작물 추천 요청: 전북 익산시 (35.9487207295638,126.95785508057)
2026-06-10 14:02:38 | INFO | GET /api/ai/recommend → 200 (3587ms)
2026-06-10 14:04:20 | INFO | AI 작물 추천 요청: 전북 익산시 (35.9487207295638,126.95785508057)
2026-06-10 14:04:20 | INFO | GET /api/ai/recommend → 200 (314ms)
2026-06-10 14:05:50 | INFO | AI 작물 추천 요청: 전북 익산시 (35.9487207295638,126.95785508057)
2026-06-10 14:05:51 | INFO | GET /api/ai/recommend → 200 (960ms)
2026-06-10 14:06:52 | INFO | AI 작물 추천 요청: 전북 익산시 (35.9487207295638,126.95785508057)
2026-06-10 14:06:54 | INFO | GET /api/ai/recommend → 200 (2898ms)
2026-06-10 14:08:55 | INFO | OPTIONS /api/ai/recommend → 200 (1ms)
2026-06-10 14:08:56 | INFO | AI 작물 추천 요청: 전북 익산시 (35.9487207295638,126.95785508057)
2026-06-10 14:08:59 | INFO | GET /api/ai/recommend → 200 (3510ms)
2026-06-10 14:10:08 | INFO | AI 작물 추천 요청: 전북 익산시 (35.9487207295638,126.95785508057)
2026-06-10 14:10:09 | INFO | GET /api/ai/recommend → 200 (1439ms)
2026-06-10 14:13:38 | INFO | AI 작물 추천 요청: 전북 익산시 (35.9487207295638,126.95785508057)
2026-06-10 14:13:44 | INFO | GET /api/ai/recommend → 200 (6695ms)
2026-06-10 14:17:26 | INFO | AI 작물 추천 요청: 전북 익산시 (35.9487207295638,126.95785508057)
2026-06-10 14:17:28 | INFO | GET /api/ai/recommend → 200 (2396ms)
2026-06-10 14:25:31 | INFO | OPTIONS /api/ai/recommend → 200 (1ms)
2026-06-10 14:25:32 | INFO | AI 작물 추천 요청: 전북 군산시 미룡동 (35.9481918292357,126.687608774337)
2026-06-10 14:25:34 | INFO | GET /api/ai/recommend → 200 (2895ms)
2026-06-10 14:28:02 | INFO | AI 작물 추천 요청: 전북 군산시 미룡동 (35.9481918292357,126.687608774337)
2026-06-10 14:28:04 | INFO | GET /api/ai/recommend → 200 (1692ms)
2026-06-10 14:30:40 | INFO | OPTIONS /api/ai/recommend → 200 (1ms)
2026-06-10 14:30:41 | INFO | AI 작물 추천 요청: 서울 강남 (37.517331925853,127.047377408384)
2026-06-10 14:30:44 | INFO | GET /api/ai/recommend → 200 (3849ms)
2026-06-10 14:30:49 | INFO | AI 작물 추천 요청: 서울 강남 (37.517331925853,127.047377408384)
2026-06-10 14:30:53 | INFO | GET /api/ai/recommend → 200 (3826ms)
2026-06-10 14:32:42 | INFO | OPTIONS /api/auth/login → 200 (0ms)
2026-06-10 14:32:42 | INFO | 로그인: jungmi350419@gmail.com
2026-06-10 14:32:43 | INFO | POST /api/auth/login → 200 (1011ms)
2026-06-10 14:32:50 | INFO | AI 작물 추천 요청: 서울 강남 (37.517331925853,127.047377408384)
2026-06-10 14:32:51 | INFO | GET /api/ai/recommend → 200 (1589ms)
2026-06-10 14:35:48 | INFO | OPTIONS /api/ai/recommend → 200 (1ms)
2026-06-10 14:35:50 | INFO | AI 작물 추천 요청: 강원도 인제 (38.0697061389168,128.170351448366)
2026-06-10 14:35:50 | INFO | GET /api/ai/recommend → 200 (2342ms)
2026-06-10 14:35:59 | INFO | AI 작물 추천 요청: 강원도 인제 (38.0697061389168,128.170351448366)
2026-06-10 14:36:00 | INFO | GET /api/ai/recommend → 200 (1362ms)
2026-06-10 14:37:47 | INFO | OPTIONS /api/ai/recommend → 200 (0ms)
2026-06-10 14:37:48 | INFO | AI 작물 추천 요청: 전북 완주 (35.9048145963415,127.162119017463)
2026-06-10 14:37:52 | INFO | GET /api/ai/recommend → 200 (4133ms)
2026-06-10 14:41:27 | INFO | OPTIONS /api/ai/recommend → 200 (1ms)
2026-06-10 14:41:29 | INFO | AI 작물 추천 요청: 전북 완주군 (35.9048145963415,127.162119017463)
2026-06-10 14:41:34 | INFO | GET /api/ai/recommend → 200 (7336ms)
